1639432046986:l
1639433354240:s
1639433628320:l
1639433631134:n
1639433637961:n 123
1639433680690:l
1639433684344:n 123
1639433713729:s
1639433739702:n 123
1639512303639:l
1639512307100:s
1639553025805:l
1639553032428:g 1
1639553043765:h
1639553047385:/help
1639553049647:help
1639553074178:n 2 war and piec
1639553110818:n 2 'ar and piec'
1639553168885:n 2 war
1639553200663:n `4 qwe
1639553213748:6 qwe
1639553222055:n 6 qwe
1640032828814:l
1640032938269:gb 2
1640032941946:gb 1
1640032947213:l
1640032950249:gb 1
1640032953158:gb 2
1640032958795:ga 1
1640032965762:ga 0
1640032997023:na ivan
1640033411297:l
1640033415326:ga 1
1640033422828:ga 0
1640033438791:gb 1
1640033547996:l
1640033550768:ga 1
1640033553996:ga 2
1640033565332:na ivan
1640033612912:l
1640033616872:na ivan
1640033620323:ga 2
1640033675571:l
1640033678150:na ivan
1640033681039:ga 2
1640038133214:l
1640038136079:gb 1
1640038426202:l
1640038429269:gb 1
1640038510742:l
1640038513116:gb 1
1640038636640:l
1640038638516:gb 1
1640038712220:ga 1
1640038931205:учше
1640038933579:exit
1640084841931:l
1640084871721:la 1
1640084884485:ga 1
1640117723990:l
1640117745818:nb q 1
1640117806064:l
1640117814615:nb 1
1640117820027:cb 1
1640117824608:nb q 1
